2026-04-21T00:55:00.477+05:45  INFO 22652 --- [smartrent] [restartedMain] c.s.fyp.smartrent.SmartrentApplication   : Starting SmartrentApplication using Java 22.0.1 with PID 22652 (E:\smartrent\smartrent\target\classes started by ACER in E:\smartrent\smartrent)
2026-04-21T00:55:00.486+05:45  INFO 22652 --- [smartrent] [restartedMain] c.s.fyp.smartrent.SmartrentApplication   : No active profile set, falling back to 1 default profile: "default"
2026-04-21T00:55:00.649+05:45  INFO 22652 --- [smartrent] [restartedMain] .e.DevToolsPropertyDefaultsPostProcessor : Devtools property defaults active! Set 'spring.devtools.add-properties' to 'false' to disable
2026-04-21T00:55:00.651+05:45  INFO 22652 --- [smartrent] [restartedMain] .e.DevToolsPropertyDefaultsPostProcessor : For additional web related logging consider setting the 'logging.level.web' property to 'DEBUG'
2026-04-21T00:55:04.078+05:45  INFO 22652 --- [smartrent] [restartedMain] .s.d.r.c.RepositoryConfigurationDelegate : Bootstrapping Spring Data JPA repositories in DEFAULT mode.
2026-04-21T00:55:04.326+05:45  INFO 22652 --- [smartrent] [restartedMain] .s.d.r.c.RepositoryConfigurationDelegate : Finished Spring Data repository scanning in 218 ms. Found 12 JPA repository interfaces.
2026-04-21T00:55:06.642+05:45  INFO 22652 --- [smartrent] [restartedMain] o.s.b.w.embedded.tomcat.TomcatWebServer  : Tomcat initialized with port 8081 (http)
2026-04-21T00:55:06.690+05:45  INFO 22652 --- [smartrent] [restartedMain] o.apache.catalina.core.StandardService   : Starting service [Tomcat]
2026-04-21T00:55:06.693+05:45  INFO 22652 --- [smartrent] [restartedMain] o.apache.catalina.core.StandardEngine    : Starting Servlet engine: [Apache Tomcat/10.1.26]
2026-04-21T00:55:06.862+05:45  INFO 22652 --- [smartrent] [restartedMain] o.a.c.c.C.[Tomcat].[localhost].[/]       : Initializing Spring embedded WebApplicationContext
2026-04-21T00:55:06.864+05:45  INFO 22652 --- [smartrent] [restartedMain] w.s.c.ServletWebServerApplicationContext : Root WebApplicationContext: initialization completed in 6147 ms
2026-04-21T00:55:07.364+05:45  INFO 22652 --- [smartrent] [restartedMain] o.hibernate.jpa.internal.util.LogHelper  : HHH000204: Processing PersistenceUnitInfo [name: default]
2026-04-21T00:55:07.650+05:45  INFO 22652 --- [smartrent] [restartedMain] org.hibernate.Version                    : HHH000412: Hibernate ORM core version 6.5.2.Final
2026-04-21T00:55:07.828+05:45  INFO 22652 --- [smartrent] [restartedMain] o.h.c.internal.RegionFactoryInitiator    : HHH000026: Second-level cache disabled
2026-04-21T00:55:08.930+05:45  INFO 22652 --- [smartrent] [restartedMain] o.s.o.j.p.SpringPersistenceUnitInfo      : No LoadTimeWeaver setup: ignoring JPA class transformer
2026-04-21T00:55:08.998+05:45  INFO 22652 --- [smartrent] [restartedMain] com.zaxxer.hikari.HikariDataSource       : HikariPool-1 - Starting...
2026-04-21T00:55:09.517+05:45  INFO 22652 --- [smartrent] [restartedMain] com.zaxxer.hikari.pool.HikariPool        : HikariPool-1 - Added connection com.mysql.cj.jdbc.ConnectionImpl@a026671
2026-04-21T00:55:09.524+05:45  INFO 22652 --- [smartrent] [restartedMain] com.zaxxer.hikari.HikariDataSource       : HikariPool-1 - Start completed.
2026-04-21T00:55:09.622+05:45  WARN 22652 --- [smartrent] [restartedMain] org.hibernate.dialect.Dialect            : HHH000511: The 5.5.5 version for [org.hibernate.dialect.MySQLDialect] is no longer supported, hence certain features may not work properly. The minimum supported version is 8.0.0. Check the community dialects project for available legacy versions.
2026-04-21T00:55:09.636+05:45  WARN 22652 --- [smartrent] [restartedMain] org.hibernate.orm.deprecation            : HHH90000025: MySQLDialect does not need to be specified explicitly using 'hibernate.dialect' (remove the property setting and it will be selected by default)
2026-04-21T00:55:14.671+05:45  INFO 22652 --- [smartrent] [restartedMain] o.h.e.t.j.p.i.JtaPlatformInitiator       : HHH000489: No JTA platform available (set 'hibernate.transaction.jta.platform' to enable JTA platform integration)
2026-04-21T00:55:15.583+05:45  INFO 22652 --- [smartrent] [restartedMain] j.LocalContainerEntityManagerFactoryBean : Initialized JPA EntityManagerFactory for persistence unit 'default'
2026-04-21T00:55:17.026+05:45  INFO 22652 --- [smartrent] [restartedMain] o.s.d.j.r.query.QueryEnhancerFactory     : Hibernate is in classpath; If applicable, HQL parser will be used.
2026-04-21T00:55:19.531+05:45  WARN 22652 --- [smartrent] [restartedMain] JpaBaseConfiguration$JpaWebConfiguration : spring.jpa.open-in-view is enabled by default. Therefore, database queries may be performed during view rendering. Explicitly configure spring.jpa.open-in-view to disable this warning
2026-04-21T00:55:19.634+05:45  INFO 22652 --- [smartrent] [restartedMain] eAuthenticationProviderManagerConfigurer : Global AuthenticationManager configured with AuthenticationProvider bean with name authenticationProvider
2026-04-21T00:55:19.636+05:45  WARN 22652 --- [smartrent] [restartedMain] r$InitializeUserDetailsManagerConfigurer : Global AuthenticationManager configured with an AuthenticationProvider bean. UserDetailsService beans will not be used for username/password login. Consider removing the AuthenticationProvider bean. Alternatively, consider using the UserDetailsService in a manually instantiated DaoAuthenticationProvider.
2026-04-21T00:55:21.721+05:45  INFO 22652 --- [smartrent] [restartedMain] o.s.b.d.a.OptionalLiveReloadServer       : LiveReload server is running on port 35729
2026-04-21T00:55:21.886+05:45  INFO 22652 --- [smartrent] [restartedMain] o.s.b.w.embedded.tomcat.TomcatWebServer  : Tomcat started on port 8081 (http) with context path '/'
2026-04-21T00:55:21.937+05:45  INFO 22652 --- [smartrent] [restartedMain] c.s.fyp.smartrent.SmartrentApplication   : Started SmartrentApplication in 23.05 seconds (process running for 24.783)
2026-04-21T00:56:30.697+05:45  INFO 22652 --- [smartrent] [http-nio-8081-exec-1] o.a.c.c.C.[Tomcat].[localhost].[/]       : Initializing Spring DispatcherServlet 'dispatcherServlet'
2026-04-21T00:56:30.792+05:45  INFO 22652 --- [smartrent] [http-nio-8081-exec-1] o.s.web.servlet.DispatcherServlet        : Initializing Servlet 'dispatcherServlet'
2026-04-21T00:56:31.137+05:45  INFO 22652 --- [smartrent] [http-nio-8081-exec-1] o.s.web.servlet.DispatcherServlet        : Completed initialization in 341 ms
